Using pre-set license
Built from '2020.3/staging' branch; Version is '2020.3.19f1 (68f137dc9bbe) revision 6877495'; Using compiler version '192528614'; Build Type 'Release'
OS: 'Windows 10 Pro; OS build 19044.2130; Version 2009; 64bit' Language: 'ko' Physical Memory: 15771 MB
BatchMode: 1, IsHumanControllingUs: 0, StartBugReporterOnCrash: 0, Is64bit: 1, IsPro: 0

COMMAND LINE ARGUMENTS:
C:\Program Files\Unity\Hub\Editor\2020.3.19f1\Editor\Unity.exe
-adb2
-batchMode
-noUpm
-name
AssetImportWorker0
-projectPath
D:/대학수업 3학년 2학기/게임프로그래밍2/360VRContents
-logFile
Logs/AssetImportWorker0.log
-srvPort
52099
Successfully changed project path to: D:/대학수업 3학년 2학기/게임프로그래밍2/360VRContents
D:/대학수업 3학년 2학기/게임프로그래밍2/360VRContents
Using Asset Import Pipeline V2.
Refreshing native plugins compatible for Editor in 22.99 ms, found 2 plugins.
Preloading 0 native plugins for Editor in 0.00 ms.
Initialize engine version: 2020.3.19f1 (68f137dc9bbe)
[Subsystems] Discovering subsystems at path C:/Program Files/Unity/Hub/Editor/2020.3.19f1/Editor/Data/Resources/UnitySubsystems
[Subsystems] Discovering subsystems at path D:/대학수업 3학년 2학기/게임프로그래밍2/360VRContents/Assets
GfxDevice: creating device client; threaded=0
Direct3D:
    Version:  Direct3D 11.0 [level 11.1]
    Renderer: AMD Radeon(TM) Graphics (ID=0x1638)
    Vendor:   
    VRAM:     7885 MB
    Driver:   27.20.14032.8
Initialize mono
Mono path[0] = 'C:/Program Files/Unity/Hub/Editor/2020.3.19f1/Editor/Data/Managed'
Mono path[1] = 'C:/Program Files/Unity/Hub/Editor/2020.3.19f1/Editor/Data/MonoBleedingEdge/lib/mono/unityjit'
Mono config path = 'C:/Program Files/Unity/Hub/Editor/2020.3.19f1/Editor/Data/MonoBleedingEdge/etc'
Using monoOptions --debugger-agent=transport=dt_socket,embedding=1,server=y,suspend=n,address=127.0.0.1:56776
Begin MonoManager ReloadAssembly
Registering precompiled unity dll's ...
Register platform support module: C:/Program Files/Unity/Hub/Editor/2020.3.19f1/Editor/Data/PlaybackEngines/WindowsStandaloneSupport/UnityEditor.WindowsStandalone.Extensions.dll
Registered in 0.002890 seconds.
Native extension for WindowsStandalone target not found
Refreshing native plugins compatible for Editor in 20.81 ms, found 2 plugins.
Preloading 0 native plugins for Editor in 0.00 ms.
Mono: successfully reloaded assembly
- Completed reload, in  1.838 seconds
Domain Reload Profiling:
	ReloadAssembly (1838ms)
		BeginReloadAssembly (57ms)
			ExecutionOrderSort (0ms)
			DisableScriptedObjects (0ms)
			BackupInstance (0ms)
			ReleaseScriptingObjects (0ms)
			CreateAndSetChildDomain (1ms)
		EndReloadAssembly (304ms)
			LoadAssemblies (55ms)
			RebuildTransferFunctionScriptingTraits (0ms)
			SetupTypeCache (103ms)
			ReleaseScriptCaches (0ms)
			RebuildScriptCaches (20ms)
			SetupLoadedEditorAssemblies (116ms)
				LogAssemblyErrors (0ms)
				InitializePlatformSupportModulesInManaged (3ms)
				SetLoadedEditorAssemblies (0ms)
				RefreshPlugins (21ms)
				BeforeProcessingInitializeOnLoad (13ms)
				ProcessInitializeOnLoadAttributes (58ms)
				ProcessInitializeOnLoadMethodAttributes (20ms)
				AfterProcessingInitializeOnLoad (0ms)
				EditorAssembliesLoaded (0ms)
			ExecutionOrderSort2 (0ms)
			AwakeInstancesAfterBackupRestoration (0ms)
Platform modules already initialized, skipping
Registering precompiled user dll's ...
Registered in 0.002611 seconds.
Begin MonoManager ReloadAssembly
Native extension for WindowsStandalone target not found
Refreshing native plugins compatible for Editor in 0.34 ms, found 2 plugins.
Preloading 0 native plugins for Editor in 0.00 ms.
Mono: successfully reloaded assembly
- Completed reload, in  0.795 seconds
Domain Reload Profiling:
	ReloadAssembly (796ms)
		BeginReloadAssembly (121ms)
			ExecutionOrderSort (0ms)
			DisableScriptedObjects (4ms)
			BackupInstance (0ms)
			ReleaseScriptingObjects (0ms)
			CreateAndSetChildDomain (19ms)
		EndReloadAssembly (617ms)
			LoadAssemblies (80ms)
			RebuildTransferFunctionScriptingTraits (0ms)
			SetupTypeCache (198ms)
			ReleaseScriptCaches (0ms)
			RebuildScriptCaches (29ms)
			SetupLoadedEditorAssemblies (252ms)
				LogAssemblyErrors (0ms)
				InitializePlatformSupportModulesInManaged (4ms)
				SetLoadedEditorAssemblies (0ms)
				RefreshPlugins (0ms)
				BeforeProcessingInitializeOnLoad (68ms)
				ProcessInitializeOnLoadAttributes (167ms)
				ProcessInitializeOnLoadMethodAttributes (4ms)
				AfterProcessingInitializeOnLoad (9ms)
				EditorAssembliesLoaded (0ms)
			ExecutionOrderSort2 (0ms)
			AwakeInstancesAfterBackupRestoration (5ms)
Platform modules already initialized, skipping
========================================================================
Worker process is ready to serve import requests
Launched and connected shader compiler UnityShaderCompiler.exe after 0.04 seconds
Refreshing native plugins compatible for Editor in 0.34 ms, found 2 plugins.
Preloading 0 native plugins for Editor in 0.00 ms.
Unloading 1397 Unused Serialized files (Serialized files now loaded: 0)
System memory in use before: 67.4 MB.
System memory in use after: 67.5 MB.

Unloading 16 unused Assets to reduce memory usage. Loaded Objects now: 1832.
Total: 2.789400 ms (FindLiveObjects: 0.175200 ms CreateObjectMapping: 0.041800 ms MarkObjects: 2.512400 ms  DeleteObjects: 0.059200 ms)

AssetImportParameters requested are different than current active one (requested -> active):
  custom:framework-win-MediaFoundation: 216162199b28c13a410421893ffa2e32 -> 
  custom:video-decoder-ogg-theora: a1e56fd34408186e4bbccfd4996cb3dc -> 
  custom:container-muxer-webm: aa71ff27fc2769a1b78a27578f13a17b -> 
  custom:container-demuxer-webm: 4f35f7cbe854078d1ac9338744f61a02 -> 
  custom:container-demuxer-ogg: 62fdf1f143b41e24485cea50d1cbac27 -> 
  custom:video-encoder-webm-vp8: eb34c28f22e8b96e1ab97ce403110664 -> 
  custom:video-codec-MediaFoundation-h265: e54d7ab0439102e2317fc1e4b246158d -> 
  custom:video-decoder-webm-vp8: 9c59270c3fd7afecdb556c50c9e8de78 -> 
  custom:audio-decoder-ogg-vorbis: bf7c407c2cedff20999df2af8eb42d56 -> 
  custom:audio-encoder-webm-vorbis: bf7c407c2cedff20999df2af8eb42d56 -> 
========================================================================
Received Import Request.
  path: Assets
  artifactKey: Guid(00000000000000001000000000000000) Importer(815301076,1909f56bfc062723c751e8b465ee728b)
Start importing Assets using Guid(00000000000000001000000000000000) Importer(815301076,1909f56bfc062723c751e8b465ee728b)  -> (artifact id: '42d402b061de3733987d63b9cc3b64de') in 0.007770 seconds 
  Import took 0.009997 seconds .

========================================================================
Received Import Request.
  Time since last request: 6.507612 seconds.
  path: Assets/Scenes
  artifactKey: Guid(4e00d03ef2f4c2442aaf69b8610282ce) Importer(815301076,1909f56bfc062723c751e8b465ee728b)
Start importing Assets/Scenes using Guid(4e00d03ef2f4c2442aaf69b8610282ce) Importer(815301076,1909f56bfc062723c751e8b465ee728b)  -> (artifact id: '7f6d67d4c3712581af26f240b4b3d749') in 0.006371 seconds 
  Import took 0.009597 seconds .

========================================================================
Received Import Request.
  Time since last request: 6.341742 seconds.
  path: Assets/01.Scenes
  artifactKey: Guid(4e00d03ef2f4c2442aaf69b8610282ce) Importer(815301076,1909f56bfc062723c751e8b465ee728b)
Start importing Assets/01.Scenes using Guid(4e00d03ef2f4c2442aaf69b8610282ce) Importer(815301076,1909f56bfc062723c751e8b465ee728b)  -> (artifact id: '5fbe951dab091e2799499f5edb9013d1') in 0.005527 seconds 
  Import took 0.008014 seconds .

========================================================================
Received Import Request.
  Time since last request: 5.277617 seconds.
  path: Assets/01.Scenes/SampleScene.unity
  artifactKey: Guid(9fc0d4010bbf28b4594072e72b8655ab) Importer(815301076,1909f56bfc062723c751e8b465ee728b)
Start importing Assets/01.Scenes/SampleScene.unity using Guid(9fc0d4010bbf28b4594072e72b8655ab) Importer(815301076,1909f56bfc062723c751e8b465ee728b)  -> (artifact id: '85059f4f9e1a832ed95adaa0d25c5c4c') in 0.010740 seconds 
  Import took 0.022114 seconds .

========================================================================
Received Import Request.
  Time since last request: 8.191551 seconds.
  path: Assets/01.Scenes/MainScene.unity
  artifactKey: Guid(9fc0d4010bbf28b4594072e72b8655ab) Importer(815301076,1909f56bfc062723c751e8b465ee728b)
Start importing Assets/01.Scenes/MainScene.unity using Guid(9fc0d4010bbf28b4594072e72b8655ab) Importer(815301076,1909f56bfc062723c751e8b465ee728b)  -> (artifact id: 'a3402c4fa176f86fe723d8826f61520e') in 0.006655 seconds 
  Import took 0.009854 seconds .

========================================================================
Received Import Request.
  Time since last request: 11.862038 seconds.
  path: Assets/02.Script
  artifactKey: Guid(51dbf39958c3eb9458d1ed7a83bbdb82) Importer(815301076,1909f56bfc062723c751e8b465ee728b)
Start importing Assets/02.Script using Guid(51dbf39958c3eb9458d1ed7a83bbdb82) Importer(815301076,1909f56bfc062723c751e8b465ee728b)  -> (artifact id: '45f293b67df0706b50262cf8a08f62ca') in 0.006373 seconds 
  Import took 0.008664 seconds .

========================================================================
Received Import Request.
  Time since last request: 9.250279 seconds.
  path: Assets/30.Prefabs
  artifactKey: Guid(9288b917523597f458b662dd13acca28) Importer(815301076,1909f56bfc062723c751e8b465ee728b)
Start importing Assets/30.Prefabs using Guid(9288b917523597f458b662dd13acca28) Importer(815301076,1909f56bfc062723c751e8b465ee728b)  -> (artifact id: '104afaf2c33740bde84624dc6af6ca94') in 0.006630 seconds 
  Import took 0.009100 seconds .

========================================================================
Received Import Request.
  Time since last request: 4.979762 seconds.
  path: Assets/03.Prefabs
  artifactKey: Guid(9288b917523597f458b662dd13acca28) Importer(815301076,1909f56bfc062723c751e8b465ee728b)
Start importing Assets/03.Prefabs using Guid(9288b917523597f458b662dd13acca28) Importer(815301076,1909f56bfc062723c751e8b465ee728b)  -> (artifact id: '19601c1b155fd4e4800f912946efc43d') in 0.005249 seconds 
  Import took 0.007655 seconds .

========================================================================
Received Import Request.
  Time since last request: 8.140947 seconds.
  path: Assets/04.Images
  artifactKey: Guid(96de531823905e741ab56c75c39d400c) Importer(815301076,1909f56bfc062723c751e8b465ee728b)
Start importing Assets/04.Images using Guid(96de531823905e741ab56c75c39d400c) Importer(815301076,1909f56bfc062723c751e8b465ee728b)  -> (artifact id: '43fe605aa1b08ed78bfda61a17470922') in 0.006106 seconds 
  Import took 0.008994 seconds .

========================================================================
Received Import Request.
  Time since last request: 35.194584 seconds.
  path: Assets/04.Images/360_vr_master_series___free_download___london_on_tower_bridge (1080p).mp4
  artifactKey: Guid(75b43ac344cf3fa42a66def24108bc76) Importer(815301076,1909f56bfc062723c751e8b465ee728b)
Start importing Assets/04.Images/360_vr_master_series___free_download___london_on_tower_bridge (1080p).mp4 using Guid(75b43ac344cf3fa42a66def24108bc76) Importer(815301076,1909f56bfc062723c751e8b465ee728b)  -> (artifact id: 'd87ed613f22d01544900ffd3c55f78c4') in 0.026609 seconds 
  Import took 0.029513 seconds .

========================================================================
Received Import Request.
  Time since last request: 14.457974 seconds.
  path: Assets/04.Images/VRVideo1.mp4
  artifactKey: Guid(75b43ac344cf3fa42a66def24108bc76) Importer(815301076,1909f56bfc062723c751e8b465ee728b)
Start importing Assets/04.Images/VRVideo1.mp4 using Guid(75b43ac344cf3fa42a66def24108bc76) Importer(815301076,1909f56bfc062723c751e8b465ee728b)  -> (artifact id: 'fb31399e17d5189ea14ee26350f51c6a') in 0.006702 seconds 
  Import took 0.009262 seconds .

========================================================================
Received Import Request.
  Time since last request: 2.179736 seconds.
  path: Assets/04.Images/ayutthaya_-_easy_tripod_paint___360_vr_master_series___free_download (1080p).mp4
  artifactKey: Guid(58f0eff2e2a55b844901e0f7e4ba9074) Importer(815301076,1909f56bfc062723c751e8b465ee728b)
Start importing Assets/04.Images/ayutthaya_-_easy_tripod_paint___360_vr_master_series___free_download (1080p).mp4 using Guid(58f0eff2e2a55b844901e0f7e4ba9074) Importer(815301076,1909f56bfc062723c751e8b465ee728b)  -> (artifact id: 'df99b418a0cafbeb7f8633e8a1cbdd83') in 0.006187 seconds 
  Import took 0.021878 seconds .

========================================================================
Received Import Request.
  Time since last request: 11.857885 seconds.
  path: Assets/04.Images/VRVideo2.mp4
  artifactKey: Guid(58f0eff2e2a55b844901e0f7e4ba9074) Importer(815301076,1909f56bfc062723c751e8b465ee728b)
Start importing Assets/04.Images/VRVideo2.mp4 using Guid(58f0eff2e2a55b844901e0f7e4ba9074) Importer(815301076,1909f56bfc062723c751e8b465ee728b)  -> (artifact id: '287e94ef5dd6af93c9c4755e6021f663') in 0.006538 seconds 
  Import took 0.009249 seconds .

========================================================================
Received Prepare
Refreshing native plugins compatible for Editor in 9.12 ms, found 7 plugins.
Preloading 0 native plugins for Editor in 0.00 ms.
Unloading 175 Unused Serialized files (Serialized files now loaded: 0)
System memory in use before: 46.8 MB.
System memory in use after: 46.5 MB.

Unloading 39 unused Assets to reduce memory usage. Loaded Objects now: 1969.
Total: 3.435100 ms (FindLiveObjects: 0.168700 ms CreateObjectMapping: 0.054300 ms MarkObjects: 2.997100 ms  DeleteObjects: 0.214100 ms)

AssetImportParameters requested are different than current active one (requested -> active):
  custom:framework-win-MediaFoundation: 216162199b28c13a410421893ffa2e32 -> 
  custom:video-decoder-ogg-theora: a1e56fd34408186e4bbccfd4996cb3dc -> 
  custom:container-muxer-webm: aa71ff27fc2769a1b78a27578f13a17b -> 
  custom:container-demuxer-webm: 4f35f7cbe854078d1ac9338744f61a02 -> 
  custom:container-demuxer-ogg: 62fdf1f143b41e24485cea50d1cbac27 -> 
  custom:video-encoder-webm-vp8: eb34c28f22e8b96e1ab97ce403110664 -> 
  custom:video-codec-MediaFoundation-h265: e54d7ab0439102e2317fc1e4b246158d -> 
  custom:video-decoder-webm-vp8: 9c59270c3fd7afecdb556c50c9e8de78 -> 
  custom:audio-decoder-ogg-vorbis: bf7c407c2cedff20999df2af8eb42d56 -> 
  custom:audio-encoder-webm-vorbis: bf7c407c2cedff20999df2af8eb42d56 -> 
========================================================================
Received Prepare
Refreshing native plugins compatible for Editor in 6.56 ms, found 7 plugins.
Preloading 0 native plugins for Editor in 0.00 ms.
Unloading 38 Unused Serialized files (Serialized files now loaded: 0)
System memory in use before: 44.0 MB.
System memory in use after: 43.8 MB.

Unloading 39 unused Assets to reduce memory usage. Loaded Objects now: 1969.
Total: 3.256200 ms (FindLiveObjects: 0.181400 ms CreateObjectMapping: 0.038800 ms MarkObjects: 2.808700 ms  DeleteObjects: 0.226400 ms)

AssetImportParameters requested are different than current active one (requested -> active):
  custom:framework-win-MediaFoundation: 216162199b28c13a410421893ffa2e32 -> 
  custom:video-decoder-ogg-theora: a1e56fd34408186e4bbccfd4996cb3dc -> 
  custom:container-muxer-webm: aa71ff27fc2769a1b78a27578f13a17b -> 
  custom:container-demuxer-webm: 4f35f7cbe854078d1ac9338744f61a02 -> 
  custom:container-demuxer-ogg: 62fdf1f143b41e24485cea50d1cbac27 -> 
  custom:video-encoder-webm-vp8: eb34c28f22e8b96e1ab97ce403110664 -> 
  custom:video-codec-MediaFoundation-h265: e54d7ab0439102e2317fc1e4b246158d -> 
  custom:video-decoder-webm-vp8: 9c59270c3fd7afecdb556c50c9e8de78 -> 
  custom:audio-decoder-ogg-vorbis: bf7c407c2cedff20999df2af8eb42d56 -> 
  custom:audio-encoder-webm-vorbis: bf7c407c2cedff20999df2af8eb42d56 -> 
========================================================================
Received Import Request.
  Time since last request: 414.314467 seconds.
  path: Assets/GoogleVR/Demos/Editor/PermissionsDemoBuildProcessor.cs
  artifactKey: Guid(b7c28afb12456b7469919c6a64cee9c1) Importer(815301076,1909f56bfc062723c751e8b465ee728b)
Start importing Assets/GoogleVR/Demos/Editor/PermissionsDemoBuildProcessor.cs using Guid(b7c28afb12456b7469919c6a64cee9c1) Importer(815301076,1909f56bfc062723c751e8b465ee728b)  -> (artifact id: 'cd301ed96bcea596c2f328406dd723be') in 0.015779 seconds 
  Import took 0.018465 seconds .

========================================================================
Received Prepare
Registering precompiled user dll's ...
Registered in 0.003870 seconds.
Begin MonoManager ReloadAssembly
Native extension for WindowsStandalone target not found
Refreshing native plugins compatible for Editor in 0.52 ms, found 7 plugins.
Preloading 0 native plugins for Editor in 0.00 ms.
Mono: successfully reloaded assembly
- Completed reload, in  0.798 seconds
Domain Reload Profiling:
	ReloadAssembly (799ms)
		BeginReloadAssembly (112ms)
			ExecutionOrderSort (0ms)
			DisableScriptedObjects (3ms)
			BackupInstance (0ms)
			ReleaseScriptingObjects (0ms)
			CreateAndSetChildDomain (31ms)
		EndReloadAssembly (628ms)
			LoadAssemblies (85ms)
			RebuildTransferFunctionScriptingTraits (0ms)
			SetupTypeCache (206ms)
			ReleaseScriptCaches (1ms)
			RebuildScriptCaches (26ms)
			SetupLoadedEditorAssemblies (237ms)
				LogAssemblyErrors (0ms)
				InitializePlatformSupportModulesInManaged (4ms)
				SetLoadedEditorAssemblies (0ms)
				RefreshPlugins (1ms)
				BeforeProcessingInitializeOnLoad (61ms)
				ProcessInitializeOnLoadAttributes (157ms)
				ProcessInitializeOnLoadMethodAttributes (4ms)
				AfterProcessingInitializeOnLoad (9ms)
				EditorAssembliesLoaded (0ms)
			ExecutionOrderSort2 (0ms)
			AwakeInstancesAfterBackupRestoration (5ms)
Platform modules already initialized, skipping
Switching build target platform(19) subTarget(0) extendedPlatform(0) -> platform(13) subTarget(537395200) extendedPlatform(0)
Refreshing native plugins compatible for Editor in 0.59 ms, found 7 plugins.
Preloading 0 native plugins for Editor in 0.00 ms.
Unloading 1560 Unused Serialized files (Serialized files now loaded: 0)
System memory in use before: 74.5 MB.
System memory in use after: 74.3 MB.

Unloading 41 unused Assets to reduce memory usage. Loaded Objects now: 1971.
Total: 2.933000 ms (FindLiveObjects: 0.192500 ms CreateObjectMapping: 0.047500 ms MarkObjects: 2.477000 ms  DeleteObjects: 0.215300 ms)

AssetImportParameters requested are different than current active one (requested -> active):
  custom:framework-win-MediaFoundation: 216162199b28c13a410421893ffa2e32 -> 
  custom:video-decoder-ogg-theora: a1e56fd34408186e4bbccfd4996cb3dc -> 
  custom:container-muxer-webm: aa71ff27fc2769a1b78a27578f13a17b -> 
  custom:container-demuxer-webm: 4f35f7cbe854078d1ac9338744f61a02 -> 
  custom:container-demuxer-ogg: 62fdf1f143b41e24485cea50d1cbac27 -> 
  custom:video-encoder-webm-vp8: eb34c28f22e8b96e1ab97ce403110664 -> 
  custom:video-codec-MediaFoundation-h265: e54d7ab0439102e2317fc1e4b246158d -> 
  custom:video-decoder-webm-vp8: 9c59270c3fd7afecdb556c50c9e8de78 -> 
  custom:graphics/normal-map-encoding: 01000000000000000000000000000000 -> 02000000000000000000000000000000
  custom:audio-decoder-ogg-vorbis: bf7c407c2cedff20999df2af8eb42d56 -> 
  custom:audio-encoder-webm-vorbis: bf7c407c2cedff20999df2af8eb42d56 -> 
========================================================================
Received Prepare
Registering precompiled user dll's ...
Registered in 0.004333 seconds.
Begin MonoManager ReloadAssembly
Native extension for WindowsStandalone target not found
Refreshing native plugins compatible for Editor in 0.54 ms, found 7 plugins.
Preloading 0 native plugins for Editor in 0.00 ms.
Mono: successfully reloaded assembly
- Completed reload, in  0.770 seconds
Domain Reload Profiling:
	ReloadAssembly (771ms)
		BeginReloadAssembly (103ms)
			ExecutionOrderSort (0ms)
			DisableScriptedObjects (4ms)
			BackupInstance (0ms)
			ReleaseScriptingObjects (0ms)
			CreateAndSetChildDomain (32ms)
		EndReloadAssembly (614ms)
			LoadAssemblies (80ms)
			RebuildTransferFunctionScriptingTraits (0ms)
			SetupTypeCache (200ms)
			ReleaseScriptCaches (1ms)
			RebuildScriptCaches (26ms)
			SetupLoadedEditorAssemblies (230ms)
				LogAssemblyErrors (0ms)
				InitializePlatformSupportModulesInManaged (4ms)
				SetLoadedEditorAssemblies (0ms)
				RefreshPlugins (1ms)
				BeforeProcessingInitializeOnLoad (60ms)
				ProcessInitializeOnLoadAttributes (152ms)
				ProcessInitializeOnLoadMethodAttributes (3ms)
				AfterProcessingInitializeOnLoad (9ms)
				EditorAssembliesLoaded (0ms)
			ExecutionOrderSort2 (0ms)
			AwakeInstancesAfterBackupRestoration (5ms)
Platform modules already initialized, skipping
Switching build target platform(19) subTarget(0) extendedPlatform(0) -> platform(13) subTarget(537395200) extendedPlatform(0)
Refreshing native plugins compatible for Editor in 0.47 ms, found 7 plugins.
Preloading 0 native plugins for Editor in 0.00 ms.
Unloading 1560 Unused Serialized files (Serialized files now loaded: 0)
System memory in use before: 74.6 MB.
System memory in use after: 74.3 MB.

Unloading 41 unused Assets to reduce memory usage. Loaded Objects now: 1973.
Total: 2.557000 ms (FindLiveObjects: 0.159900 ms CreateObjectMapping: 0.031400 ms MarkObjects: 2.147900 ms  DeleteObjects: 0.216900 ms)

AssetImportParameters requested are different than current active one (requested -> active):
  custom:framework-win-MediaFoundation: 216162199b28c13a410421893ffa2e32 -> 
  custom:video-decoder-ogg-theora: a1e56fd34408186e4bbccfd4996cb3dc -> 
  custom:container-muxer-webm: aa71ff27fc2769a1b78a27578f13a17b -> 
  custom:container-demuxer-webm: 4f35f7cbe854078d1ac9338744f61a02 -> 
  custom:container-demuxer-ogg: 62fdf1f143b41e24485cea50d1cbac27 -> 
  custom:video-encoder-webm-vp8: eb34c28f22e8b96e1ab97ce403110664 -> 
  custom:video-codec-MediaFoundation-h265: e54d7ab0439102e2317fc1e4b246158d -> 
  custom:video-decoder-webm-vp8: 9c59270c3fd7afecdb556c50c9e8de78 -> 
  custom:graphics/normal-map-encoding: 01000000000000000000000000000000 -> 02000000000000000000000000000000
  custom:audio-decoder-ogg-vorbis: bf7c407c2cedff20999df2af8eb42d56 -> 
  custom:audio-encoder-webm-vorbis: bf7c407c2cedff20999df2af8eb42d56 -> 
AssetImportWorkerClient::OnTransportError - code=2 error=End of file
